Configuration file: /Users/zhangdenghui/zdh2292390.github.com/_config.yml
Configuration file: /Users/zhangdenghui/zdh2292390.github.com/_config.yml
            Source: /Users/zhangdenghui/zdh2292390.github.com
       Destination: /Users/zhangdenghui/zdh2292390.github.com/_site
 Incremental build: disabled. Enable with --incremental
      Generating... 
                    done in 0.397 seconds.
 Auto-regeneration: enabled for '/Users/zhangdenghui/zdh2292390.github.com'
Configuration file: /Users/zhangdenghui/zdh2292390.github.com/_config.yml
    Server address: http://127.0.0.1:4000/
  Server running... press ctrl-c to stop.
Configuration file: /Users/zhangdenghui/zdh2292390.github.com/_config.yml
Configuration file: /Users/zhangdenghui/zdh2292390.github.com/_config.yml
            Source: /Users/zhangdenghui/zdh2292390.github.com
       Destination: /Users/zhangdenghui/zdh2292390.github.com/_site
 Incremental build: disabled. Enable with --incremental
      Generating... 
                    done in 0.145 seconds.
 Auto-regeneration: enabled for '/Users/zhangdenghui/zdh2292390.github.com'
Configuration file: /Users/zhangdenghui/zdh2292390.github.com/_config.yml
    Server address: http://127.0.0.1:4000/
  Server running... press ctrl-c to stop.
[2017-05-16 10:06:31] ERROR `/favicon.ico' not found.
      Regenerating: 2 file(s) changed at 2017-05-16 10:07:18 ...done in 0.322681 seconds.
      Regenerating: 2 file(s) changed at 2017-05-16 10:08:08 ...done in 0.225839 seconds.
      Regenerating: 2 file(s) changed at 2017-05-16 10:08:28 ...done in 0.244353 seconds.
      Regenerating: 2 file(s) changed at 2017-05-16 10:08:33 ...done in 0.112559 seconds.
      Regenerating: 2 file(s) changed at 2017-05-16 10:10:56 ...done in 0.248501 seconds.
      Regenerating: 2 file(s) changed at 2017-05-16 10:10:59 ...done in 0.131808 seconds.
      Regenerating: 2 file(s) changed at 2017-05-16 10:12:03 ...done in 0.241111 seconds.
      Regenerating: 2 file(s) changed at 2017-05-16 10:12:25 ...done in 0.175781 seconds.
      Regenerating: 2 file(s) changed at 2017-05-16 10:12:39 ...done in 0.221798 seconds.
      Regenerating: 2 file(s) changed at 2017-05-16 10:12:48 ...done in 0.104281 seconds.
      Regenerating: 2 file(s) changed at 2017-05-16 10:12:56 ...done in 0.113827 seconds.
      Regenerating: 1 file(s) changed at 2017-05-16 10:12:57 ...done in 0.168559 seconds.
      Regenerating: 2 file(s) changed at 2017-05-16 10:14:22 ...done in 0.256 seconds.
      Regenerating: 2 file(s) changed at 2017-05-16 10:14:30 ...done in 0.132438 seconds.
      Regenerating: 2 file(s) changed at 2017-05-16 10:14:32 ...done in 0.161092 seconds.
      Regenerating: 2 file(s) changed at 2017-05-16 10:14:52 ...done in 0.226085 seconds.
      Regenerating: 2 file(s) changed at 2017-05-16 10:16:10 ...done in 0.21309 seconds.
      Regenerating: 2 file(s) changed at 2017-05-16 10:17:17 ...done in 0.248499 seconds.
      Regenerating: 2 file(s) changed at 2017-05-16 10:18:11 ...done in 0.235744 seconds.
      Regenerating: 2 file(s) changed at 2017-05-16 10:18:13 ...done in 0.129477 seconds.
      Regenerating: 2 file(s) changed at 2017-05-16 10:18:16 ...done in 0.160173 seconds.
      Regenerating: 2 file(s) changed at 2017-05-16 10:18:41 ...done in 0.174559 seconds.
      Regenerating: 2 file(s) changed at 2017-05-16 10:20:04 ...done in 0.162999 seconds.
      Regenerating: 2 file(s) changed at 2017-05-16 10:20:08 ...done in 0.129082 seconds.
      Regenerating: 2 file(s) changed at 2017-05-16 10:20:54 ...done in 0.115181 seconds.
      Regenerating: 2 file(s) changed at 2017-05-16 10:22:38 ...done in 0.275425 seconds.
      Regenerating: 2 file(s) changed at 2017-05-16 10:22:48 ...done in 0.187436 seconds.
      Regenerating: 2 file(s) changed at 2017-05-16 10:25:16 ...done in 0.219789 seconds.
      Regenerating: 2 file(s) changed at 2017-05-16 10:25:27 ...done in 0.23589 seconds.
      Regenerating: 2 file(s) changed at 2017-05-16 10:25:41 ...done in 0.164615 seconds.
      Regenerating: 2 file(s) changed at 2017-05-16 10:25:51 ...done in 0.104837 seconds.
      Regenerating: 2 file(s) changed at 2017-05-16 10:27:49 ...done in 0.264511 seconds.
      Regenerating: 2 file(s) changed at 2017-05-16 10:27:53 ...done in 0.115581 seconds.
      Regenerating: 2 file(s) changed at 2017-05-16 10:28:13 ...done in 0.106106 seconds.
      Regenerating: 2 file(s) changed at 2017-05-16 10:28:17 ...done in 0.155703 seconds.
      Regenerating: 2 file(s) changed at 2017-05-16 10:28:24 ...done in 0.110495 seconds.
      Regenerating: 2 file(s) changed at 2017-05-16 10:28:32 ...done in 0.187919 seconds.
      Regenerating: 2 file(s) changed at 2017-05-16 10:28:43 ...done in 0.165835 seconds.
      Regenerating: 2 file(s) changed at 2017-05-16 10:28:53 ...done in 0.169792 seconds.
      Regenerating: 2 file(s) changed at 2017-05-16 10:28:55 ...done in 0.10566 seconds.
      Regenerating: 2 file(s) changed at 2017-05-16 10:29:12 ...done in 0.159876 seconds.
      Regenerating: 2 file(s) changed at 2017-05-16 10:32:32 ...done in 0.287631 seconds.
      Regenerating: 2 file(s) changed at 2017-05-16 10:34:51 ...done in 0.252275 seconds.
      Regenerating: 2 file(s) changed at 2017-05-16 10:34:52 ...done in 0.117208 seconds.
      Regenerating: 2 file(s) changed at 2017-05-16 10:35:17 ...done in 0.261443 seconds.
      Regenerating: 2 file(s) changed at 2017-05-16 10:35:33 ...done in 0.234298 seconds.
      Regenerating: 2 file(s) changed at 2017-05-16 10:36:36 ...done in 0.261817 seconds.
      Regenerating: 2 file(s) changed at 2017-05-16 10:36:49 ...done in 0.161411 seconds.
      Regenerating: 2 file(s) changed at 2017-05-16 10:37:13 ...done in 0.19641 seconds.
      Regenerating: 2 file(s) changed at 2017-05-16 10:37:26 ...done in 0.117925 seconds.
      Regenerating: 2 file(s) changed at 2017-05-16 10:37:44 ...done in 0.150351 seconds.
      Regenerating: 2 file(s) changed at 2017-05-16 10:37:45 ...done in 0.145247 seconds.
      Regenerating: 2 file(s) changed at 2017-05-16 10:37:47 ...done in 0.178223 seconds.
      Regenerating: 2 file(s) changed at 2017-05-16 10:38:20 ...done in 0.150273 seconds.
      Regenerating: 2 file(s) changed at 2017-05-16 10:38:31 ...done in 0.159908 seconds.
      Regenerating: 2 file(s) changed at 2017-05-16 10:38:45 ...done in 0.154519 seconds.
      Regenerating: 2 file(s) changed at 2017-05-16 10:39:11 ...done in 0.142143 seconds.
      Regenerating: 2 file(s) changed at 2017-05-16 10:39:51 ...done in 0.217919 seconds.
      Regenerating: 2 file(s) changed at 2017-05-16 10:39:54 ...done in 0.118217 seconds.
      Regenerating: 2 file(s) changed at 2017-05-16 10:40:00 ...done in 0.100706 seconds.
      Regenerating: 2 file(s) changed at 2017-05-16 10:40:06 ...done in 0.158762 seconds.
      Regenerating: 2 file(s) changed at 2017-05-16 10:40:10 ...done in 0.186253 seconds.
      Regenerating: 2 file(s) changed at 2017-05-16 10:40:21 ...done in 0.239149 seconds.
      Regenerating: 2 file(s) changed at 2017-05-16 10:40:27 ...done in 0.12957 seconds.
      Regenerating: 2 file(s) changed at 2017-05-16 10:41:07 ...done in 0.168247 seconds.
      Regenerating: 2 file(s) changed at 2017-05-16 10:41:16 ...done in 0.162086 seconds.
      Regenerating: 2 file(s) changed at 2017-05-16 10:41:30 ...done in 0.166141 seconds.
      Regenerating: 2 file(s) changed at 2017-05-16 10:41:33 ...done in 0.147137 seconds.
      Regenerating: 2 file(s) changed at 2017-05-16 10:42:44 ...done in 0.235767 seconds.
      Regenerating: 2 file(s) changed at 2017-05-16 10:43:01 ...done in 0.120513 seconds.
      Regenerating: 2 file(s) changed at 2017-05-16 10:46:41 ...done in 0.33099 seconds.
      Regenerating: 2 file(s) changed at 2017-05-16 10:47:32 ...done in 0.376472 seconds.
      Regenerating: 2 file(s) changed at 2017-05-16 10:50:16 ...done in 0.258442 seconds.
      Regenerating: 2 file(s) changed at 2017-05-16 10:50:32 ...done in 0.139452 seconds.
      Regenerating: 2 file(s) changed at 2017-05-16 10:51:14 ...done in 0.181483 seconds.
      Regenerating: 2 file(s) changed at 2017-05-16 10:51:21 ...done in 0.206849 seconds.
      Regenerating: 2 file(s) changed at 2017-05-16 10:51:36 ...done in 0.213373 seconds.
      Regenerating: 1 file(s) changed at 2017-05-16 10:55:20 ...done in 0.244529 seconds.
      Regenerating: 2 file(s) changed at 2017-05-16 10:57:03 ...done in 0.304942 seconds.
      Regenerating: 2 file(s) changed at 2017-05-16 10:57:19 ...done in 0.187593 seconds.
      Regenerating: 2 file(s) changed at 2017-05-16 10:57:34 ...done in 0.111888 seconds.
      Regenerating: 2 file(s) changed at 2017-05-16 10:57:43 ...done in 0.130032 seconds.
      Regenerating: 2 file(s) changed at 2017-05-16 10:58:35 ...done in 0.277708 seconds.
      Regenerating: 2 file(s) changed at 2017-05-16 10:58:40 ...done in 0.169792 seconds.
      Regenerating: 2 file(s) changed at 2017-05-16 10:58:43 ...done in 0.159598 seconds.
      Regenerating: 2 file(s) changed at 2017-05-16 10:59:19 ...done in 0.126956 seconds.
      Regenerating: 1 file(s) changed at 2017-05-16 10:59:43 ...done in 0.140925 seconds.
      Regenerating: 2 file(s) changed at 2017-05-16 11:00:38 ...done in 0.192218 seconds.
      Regenerating: 2 file(s) changed at 2017-05-16 11:00:51 ...done in 0.137682 seconds.
      Regenerating: 2 file(s) changed at 2017-05-16 11:00:53 ...done in 0.169973 seconds.
      Regenerating: 2 file(s) changed at 2017-05-16 11:02:20 ...done in 0.29908 seconds.
      Regenerating: 2 file(s) changed at 2017-05-16 11:02:23 ...done in 0.140317 seconds.
      Regenerating: 1 file(s) changed at 2017-05-16 11:02:38 ...done in 0.159836 seconds.
      Regenerating: 1 file(s) changed at 2017-05-16 11:03:19 ...done in 0.212344 seconds.
      Regenerating: 1 file(s) changed at 2017-05-16 11:03:21 ...done in 0.148207 seconds.
      Regenerating: 1 file(s) changed at 2017-05-16 11:03:22 ...done in 0.172333 seconds.
      Regenerating: 2 file(s) changed at 2017-05-16 11:03:26 ...done in 0.130178 seconds.
      Regenerating: 2 file(s) changed at 2017-05-16 11:03:47 ...done in 0.18609 seconds.
      Regenerating: 2 file(s) changed at 2017-05-16 11:05:21 ...done in 0.218234 seconds.
      Regenerating: 2 file(s) changed at 2017-05-16 11:05:27 ...done in 0.202219 seconds.
      Regenerating: 2 file(s) changed at 2017-05-16 11:05:38 ...done in 0.150504 seconds.
      Regenerating: 2 file(s) changed at 2017-05-16 11:05:48 ...done in 0.171455 seconds.
      Regenerating: 2 file(s) changed at 2017-05-16 11:05:54 ...done in 0.143956 seconds.
      Regenerating: 2 file(s) changed at 2017-05-16 11:06:16 ...done in 0.127074 seconds.
      Regenerating: 2 file(s) changed at 2017-05-16 11:12:45 ...done in 0.293298 seconds.
      Regenerating: 2 file(s) changed at 2017-05-16 11:13:04 ...done in 0.169018 seconds.
      Regenerating: 2 file(s) changed at 2017-05-16 11:13:06 ...done in 0.184937 seconds.
      Regenerating: 2 file(s) changed at 2017-05-16 11:13:22 ...done in 0.154963 seconds.
      Regenerating: 2 file(s) changed at 2017-05-16 11:13:43 ...done in 0.139926 seconds.
      Regenerating: 2 file(s) changed at 2017-05-16 11:13:50 ...done in 0.14592 seconds.
      Regenerating: 2 file(s) changed at 2017-05-16 11:13:52 ...done in 0.147198 seconds.
      Regenerating: 2 file(s) changed at 2017-05-16 11:13:56 ...done in 0.131086 seconds.
      Regenerating: 2 file(s) changed at 2017-05-16 11:14:12 ...done in 0.218318 seconds.
      Regenerating: 2 file(s) changed at 2017-05-16 11:14:22 ...done in 0.136805 seconds.
      Regenerating: 2 file(s) changed at 2017-05-16 11:14:25 ...done in 0.12943 seconds.
      Regenerating: 2 file(s) changed at 2017-05-16 11:27:22 ...done in 0.260864 seconds.
      Regenerating: 2 file(s) changed at 2017-05-16 11:28:06 ...done in 0.192278 seconds.
      Regenerating: 2 file(s) changed at 2017-05-16 11:28:09 ...done in 0.132718 seconds.
      Regenerating: 2 file(s) changed at 2017-05-16 11:28:43 ...done in 0.251282 seconds.
      Regenerating: 2 file(s) changed at 2017-05-16 11:29:19 ...done in 0.136482 seconds.
      Regenerating: 2 file(s) changed at 2017-05-16 11:29:30 ...done in 0.155361 seconds.
      Regenerating: 2 file(s) changed at 2017-05-16 11:29:39 ...done in 0.174319 seconds.
      Regenerating: 2 file(s) changed at 2017-05-16 11:30:48 ...done in 0.209517 seconds.
      Regenerating: 1 file(s) changed at 2017-05-16 11:32:19 ...done in 0.139439 seconds.
      Regenerating: 1 file(s) changed at 2017-05-16 11:32:46 ...done in 0.124125 seconds.
      Regenerating: 1 file(s) changed at 2017-05-16 11:33:33 ...done in 0.189916 seconds.
      Regenerating: 2 file(s) changed at 2017-05-16 11:35:13 ...done in 0.251017 seconds.
      Regenerating: 2 file(s) changed at 2017-05-16 11:35:25 ...done in 0.149692 seconds.
      Regenerating: 2 file(s) changed at 2017-05-16 11:36:01 ...done in 0.218496 seconds.
      Regenerating: 2 file(s) changed at 2017-05-16 11:36:30 ...done in 0.279107 seconds.
      Regenerating: 2 file(s) changed at 2017-05-16 11:39:45 ...done in 0.282699 seconds.
      Regenerating: 2 file(s) changed at 2017-05-16 11:39:55 ...done in 0.117071 seconds.
      Regenerating: 2 file(s) changed at 2017-05-16 11:40:11 ...done in 0.117719 seconds.
      Regenerating: 1 file(s) changed at 2017-05-16 11:40:19 ...done in 0.143698 seconds.
      Regenerating: 2 file(s) changed at 2017-05-16 11:40:22 ...done in 0.162393 seconds.
      Regenerating: 2 file(s) changed at 2017-05-16 11:40:31 ...done in 0.190641 seconds.
      Regenerating: 2 file(s) changed at 2017-05-16 11:41:19 ...done in 0.17487 seconds.
      Regenerating: 2 file(s) changed at 2017-05-16 11:41:37 ...done in 0.173965 seconds.
      Regenerating: 2 file(s) changed at 2017-05-16 11:42:25 ...done in 0.293845 seconds.
      Regenerating: 2 file(s) changed at 2017-05-16 11:43:08 ...done in 0.16106 seconds.
      Regenerating: 2 file(s) changed at 2017-05-16 11:43:31 ...done in 0.122036 seconds.
      Regenerating: 2 file(s) changed at 2017-05-16 11:43:32 ...done in 0.123172 seconds.
      Regenerating: 1 file(s) changed at 2017-05-16 11:43:57 ...done in 0.265111 seconds.
      Regenerating: 2 file(s) changed at 2017-05-16 11:44:23 ...done in 0.199169 seconds.
      Regenerating: 2 file(s) changed at 2017-05-16 11:44:41 ...done in 0.241117 seconds.
      Regenerating: 2 file(s) changed at 2017-05-16 11:44:47 ...done in 0.117644 seconds.
      Regenerating: 2 file(s) changed at 2017-05-16 11:45:35 ...done in 0.183117 seconds.
      Regenerating: 2 file(s) changed at 2017-05-16 11:45:49 ...done in 0.126783 seconds.
      Regenerating: 2 file(s) changed at 2017-05-16 11:45:56 ...done in 0.105589 seconds.
      Regenerating: 2 file(s) changed at 2017-05-16 11:46:14 ...done in 0.184132 seconds.
      Regenerating: 2 file(s) changed at 2017-05-16 11:46:37 ...done in 0.160075 seconds.
      Regenerating: 2 file(s) changed at 2017-05-16 11:46:41 ...done in 0.118962 seconds.
      Regenerating: 2 file(s) changed at 2017-05-16 11:46:53 ...done in 0.229416 seconds.
      Regenerating: 2 file(s) changed at 2017-05-16 11:50:01 ...done in 0.256515 seconds.
      Regenerating: 2 file(s) changed at 2017-05-16 11:50:20 ...done in 0.254874 seconds.
      Regenerating: 2 file(s) changed at 2017-05-16 11:50:28 ...done in 0.139552 seconds.
      Regenerating: 2 file(s) changed at 2017-05-16 11:50:38 ...done in 0.164492 seconds.
      Regenerating: 2 file(s) changed at 2017-05-16 11:50:40 ...done in 0.15425 seconds.
      Regenerating: 1 file(s) changed at 2017-05-16 11:51:41 ...done in 0.225482 seconds.
      Regenerating: 2 file(s) changed at 2017-05-16 11:51:46 ...done in 0.166462 seconds.
      Regenerating: 2 file(s) changed at 2017-05-16 11:52:14 ...done in 0.132972 seconds.
      Regenerating: 2 file(s) changed at 2017-05-16 11:52:24 ...done in 0.173388 seconds.
      Regenerating: 2 file(s) changed at 2017-05-16 11:52:33 ...done in 0.116385 seconds.
      Regenerating: 2 file(s) changed at 2017-05-16 11:53:01 ...done in 0.227187 seconds.
      Regenerating: 2 file(s) changed at 2017-05-16 11:53:05 ...done in 0.134718 seconds.
      Regenerating: 2 file(s) changed at 2017-05-16 11:53:27 ...done in 0.150124 seconds.
      Regenerating: 2 file(s) changed at 2017-05-16 11:53:47 ...done in 0.11348 seconds.
      Regenerating: 2 file(s) changed at 2017-05-16 11:53:52 ...done in 0.173897 seconds.
      Regenerating: 2 file(s) changed at 2017-05-16 11:53:56 ...done in 0.109853 seconds.
      Regenerating: 2 file(s) changed at 2017-05-16 11:53:59 ...done in 0.161748 seconds.
      Regenerating: 2 file(s) changed at 2017-05-16 11:54:22 ...done in 0.12957 seconds.
      Regenerating: 2 file(s) changed at 2017-05-16 11:55:15 ...done in 0.129974 seconds.
      Regenerating: 2 file(s) changed at 2017-05-16 11:55:17 ...done in 0.141966 seconds.
      Regenerating: 2 file(s) changed at 2017-05-16 11:55:30 ...done in 0.115453 seconds.
      Regenerating: 2 file(s) changed at 2017-05-16 11:56:30 ...done in 0.141946 seconds.
      Regenerating: 2 file(s) changed at 2017-05-16 11:56:34 ...done in 0.186047 seconds.
      Regenerating: 2 file(s) changed at 2017-05-16 11:56:52 ...done in 0.158588 seconds.
      Regenerating: 2 file(s) changed at 2017-05-16 11:57:08 ...done in 0.120358 seconds.
      Regenerating: 2 file(s) changed at 2017-05-16 11:57:23 ...done in 0.124901 seconds.
      Regenerating: 2 file(s) changed at 2017-05-16 11:57:57 ...done in 0.198957 seconds.
      Regenerating: 2 file(s) changed at 2017-05-16 14:49:07 ...done in 0.301972 seconds.
      Regenerating: 2 file(s) changed at 2017-05-16 14:49:45 ...done in 0.281994 seconds.
      Regenerating: 2 file(s) changed at 2017-05-16 14:49:50 ...done in 0.199819 seconds.
      Regenerating: 2 file(s) changed at 2017-05-16 14:50:06 ...done in 0.249711 seconds.
      Regenerating: 2 file(s) changed at 2017-05-16 14:50:07 ...done in 0.127924 seconds.
      Regenerating: 2 file(s) changed at 2017-05-16 16:03:58 ...done in 0.463211 seconds.
      Regenerating: 1 file(s) changed at 2017-05-16 16:03:58 ...done in 0.161448 seconds.
      Regenerating: 2 file(s) changed at 2017-05-16 16:26:11 ...done in 0.355194 seconds.
      Regenerating: 2 file(s) changed at 2017-05-16 16:26:41 ...done in 0.16447 seconds.
      Regenerating: 2 file(s) changed at 2017-05-16 16:35:47 ...done in 0.152061 seconds.
      Regenerating: 2 file(s) changed at 2017-05-16 16:36:00 ...done in 0.137876 seconds.
      Regenerating: 2 file(s) changed at 2017-05-16 16:36:09 ...done in 0.209934 seconds.
      Regenerating: 2 file(s) changed at 2017-05-16 16:36:24 ...done in 0.125242 seconds.
      Regenerating: 2 file(s) changed at 2017-05-16 16:36:29 ...done in 0.160906 seconds.
      Regenerating: 2 file(s) changed at 2017-05-16 16:36:59 ...done in 0.323388 seconds.
      Regenerating: 2 file(s) changed at 2017-05-16 16:37:13 ...done in 0.154117 seconds.
      Regenerating: 2 file(s) changed at 2017-05-16 16:37:19 ...done in 0.121024 seconds.
      Regenerating: 2 file(s) changed at 2017-05-16 16:39:35 ...done in 0.291197 seconds.
      Regenerating: 2 file(s) changed at 2017-05-16 16:39:41 ...done in 0.151588 seconds.
      Regenerating: 2 file(s) changed at 2017-05-16 16:39:43 ...done in 0.122206 seconds.
      Regenerating: 2 file(s) changed at 2017-05-16 16:42:03 ...done in 0.235534 seconds.
      Regenerating: 2 file(s) changed at 2017-05-16 16:42:08 ...done in 0.152177 seconds.
      Regenerating: 2 file(s) changed at 2017-05-16 16:51:21 ...done in 0.242632 seconds.
      Regenerating: 2 file(s) changed at 2017-05-16 16:51:29 ...done in 0.288551 seconds.
      Regenerating: 2 file(s) changed at 2017-05-16 16:52:03 ...done in 0.268471 seconds.
      Regenerating: 2 file(s) changed at 2017-05-16 16:52:09 ...done in 0.132048 seconds.
      Regenerating: 2 file(s) changed at 2017-05-16 16:52:13 ...done in 0.131864 seconds.
      Regenerating: 2 file(s) changed at 2017-05-16 17:26:29 ...done in 0.314047 seconds.
      Regenerating: 2 file(s) changed at 2017-05-16 17:26:57 ...done in 0.192794 seconds.
      Regenerating: 2 file(s) changed at 2017-05-16 17:27:36 ...done in 0.224325 seconds.
      Regenerating: 1 file(s) changed at 2017-05-16 17:37:01 ...done in 0.534554 seconds.
      Regenerating: 2 file(s) changed at 2017-05-16 17:40:34 ...done in 0.299426 seconds.
      Regenerating: 2 file(s) changed at 2017-05-16 17:41:22 ...done in 0.302608 seconds.
      Regenerating: 2 file(s) changed at 2017-05-16 17:41:48 ...done in 0.22949 seconds.
      Regenerating: 2 file(s) changed at 2017-05-16 17:44:08 ...done in 0.242767 seconds.
      Regenerating: 2 file(s) changed at 2017-05-16 17:45:00 ...done in 0.244064 seconds.
      Regenerating: 2 file(s) changed at 2017-05-16 17:49:51 ...done in 0.266363 seconds.
      Regenerating: 2 file(s) changed at 2017-05-16 17:50:26 ...done in 0.26137 seconds.
      Regenerating: 2 file(s) changed at 2017-05-16 17:50:38 ...done in 0.268466 seconds.
      Regenerating: 2 file(s) changed at 2017-05-16 17:51:03 ...done in 0.27119 seconds.
      Regenerating: 2 file(s) changed at 2017-05-16 17:51:14 ...done in 0.134099 seconds.
      Regenerating: 2 file(s) changed at 2017-05-16 17:51:38 ...done in 0.227772 seconds.
      Regenerating: 2 file(s) changed at 2017-05-16 17:51:42 ...done in 0.204145 seconds.
      Regenerating: 2 file(s) changed at 2017-05-16 17:52:06 ...done in 0.28559 seconds.
      Regenerating: 2 file(s) changed at 2017-05-16 17:52:39 ...done in 0.126267 seconds.
      Regenerating: 2 file(s) changed at 2017-05-16 17:52:42 ...done in 0.113713 seconds.
      Regenerating: 2 file(s) changed at 2017-05-16 17:52:43 ...done in 0.184367 seconds.
      Regenerating: 2 file(s) changed at 2017-05-16 17:53:18 ...done in 0.298452 seconds.
      Regenerating: 2 file(s) changed at 2017-05-16 18:22:50 ...done in 0.350476 seconds.
      Regenerating: 2 file(s) changed at 2017-05-16 18:22:52 ...done in 0.170255 seconds.
      Regenerating: 2 file(s) changed at 2017-05-16 18:23:11 ...done in 0.129796 seconds.
      Regenerating: 2 file(s) changed at 2017-05-16 18:25:14 ...done in 0.284743 seconds.
      Regenerating: 2 file(s) changed at 2017-05-16 18:25:20 ...done in 0.158256 seconds.
